<?xml version="1.0" encoding="UTF-8"?>
<!-- Generated by org.testng.reporters.JUnitXMLReporter -->
<testsuite hostname="DESKTOP-81M737A" ignored="0" name="Test" tests="17" failures="0" timestamp="29 Sep 2020 13:53:42 GMT" time="0.124" errors="0">
  <testcase name="verifyAllValidProductsAvailableInProductsList" time="0.013" classname="Tests.TestVendingMachineAdminActions"/>
  <testcase name="verifyPriceForAllProductsInProductList" time="0.003" classname="Tests.TestVendingMachineAdminActions"/>
  <testcase name="verifyQuantityOfProductAfterLoadingProductIntoInventory" time="0.001" classname="Tests.TestVendingMachineAdminActions"/>
  <testcase name="verifyQuantityOfProductAfterRemovedProductFromInventory" time="0.003" classname="Tests.TestVendingMachineAdminActions"/>
  <testcase name="ValidateValidCoin10" time="0.004" classname="Tests.TestVendingMachineConsumerActions"/>
  <testcase name="validateAllValidCoinsCanBeInsertedInVendingMachine" time="0.002" classname="Tests.TestVendingMachineConsumerActions"/>
  <testcase name="validateAndInsertCoinInVendingMachine" time="0.005" classname="Tests.TestVendingMachineConsumerActions"/>
  <testcase name="validateInValidCoin0ThatShouldNotBeAccepted" time="0.002" classname="Tests.TestVendingMachineConsumerActions"/>
  <testcase name="validateInValidCoinThatShouldNotBeAccepted" time="0.003" classname="Tests.TestVendingMachineConsumerActions"/>
  <testcase name="validateMinusNumberThatShouldNotBeAccepted" time="0.003" classname="Tests.TestVendingMachineConsumerActions"/>
  <testcase name="verifyCancelTransactionFunctionality" time="0.002" classname="Tests.TestVendingMachineConsumerActions"/>
  <testcase name="verifyTotalAmountOfInsertedCoins" time="0.001" classname="Tests.TestVendingMachineConsumerActions"/>
  <testcase name="verifyUserCanCancelTransactionAndGetRefund" time="0.001" classname="Tests.TestVendingMachineProductSelection"/>
  <testcase name="verifyUserCantSelectInValidProduct" time="0.007" classname="Tests.TestVendingMachineProductSelection"/>
  <testcase name="verifyUserCantSelectItemBecauseOfInsufficientBalance" time="0.002" classname="Tests.TestVendingMachineProductSelection"/>
  <testcase name="verifyUserGotSelectedProduct" time="0.002" classname="Tests.TestVendingMachineProductSelection"/>
  <testcase name="verifyUserGotSelectedProductWithRemainingAmount" time="0.0" classname="Tests.TestVendingMachineProductSelection"/>
</testsuite> <!-- Test -->
